Grammar

    0 $accept: statementlist $end

    1 statementlist: statement
    2              | statement statementlist

    3 statement: INT
    4          | ID
    5          | BOOL
    6          | BOOLCONST
    7          | NUMCONST
    8          | ADDASS
    9          | SUBASS
   10          | DIVASS
   11          | MULASS
   12          | EQ
   13          | LESSEQ
   14          | GRTEQ
   15          | NOTEQ
   16          | AND
   17          | OR
   18          | NOT
   19          | IF
   20          | THEN
   21          | ELSIF
   22          | ELSE
   23          | WHILE
   24          | DO
   25          | BREAK
   26          | LOOP
   27          | RANGE
   28          | FOREVER
   29          | STATIC
   30          | RETURN
   31          | CHAR
   32          | DEC
   33          | INC
   34          | CHARCONST
   35          | STRINGCONST
   36          | UNDEFINED
   37          | ';'
   38          | ','
   39          | '['
   40          | ']'
   41          | '('
   42          | ')'
   43          | '{'
   44          | '}'
   45          | '='
   46          | '<'
   47          | '>'
   48          | '+'
   49          | '-'
   50          | '*'
   51          | '/'
   52          | '%'
   53          | '?'
   54          | ':'


Terminals, with rules where they appear

$end (0) 0
'%' (37) 52
'(' (40) 41
')' (41) 42
'*' (42) 50
'+' (43) 48
',' (44) 38
'-' (45) 49
'/' (47) 51
':' (58) 54
';' (59) 37
'<' (60) 46
'=' (61) 45
'>' (62) 47
'?' (63) 53
'[' (91) 39
']' (93) 40
'{' (123) 43
'}' (125) 44
error (256)
INT (258) 3
ID (259) 4
BOOL (260) 5
BOOLCONST (261) 6
NUMCONST (262) 7
ADDASS (263) 8
SUBASS (264) 9
DIVASS (265) 10
MULASS (266) 11
EQ (267) 12
LESSEQ (268) 13
GRTEQ (269) 14
NOTEQ (270) 15
AND (271) 16
OR (272) 17
NOT (273) 18
IF (274) 19
THEN (275) 20
ELSIF (276) 21
ELSE (277) 22
WHILE (278) 23
DO (279) 24
BREAK (280) 25
LOOP (281) 26
RANGE (282) 27
FOREVER (283) 28
STATIC (284) 29
RETURN (285) 30
CHAR (286) 31
DEC (287) 32
INC (288) 33
CHARCONST (289) 34
STRINGCONST (290) 35
UNDEFINED (291) 36


Nonterminals, with rules where they appear

$accept (55)
    on left: 0
statementlist (56)
    on left: 1 2, on right: 0 2
statement (57)
    on left: 3 4 5 6 7 8 9 10 11 12 13 14 15 16 17 18 19 20 21 22 23
    24 25 26 27 28 29 30 31 32 33 34 35 36 37 38 39 40 41 42 43 44
    45 46 47 48 49 50 51 52 53 54, on right: 1 2


State 0

    0 $accept: . statementlist $end

    INT          shift, and go to state 1
    ID           shift, and go to state 2
    BOOL         shift, and go to state 3
    BOOLCONST    shift, and go to state 4
    NUMCONST     shift, and go to state 5
    ADDASS       shift, and go to state 6
    SUBASS       shift, and go to state 7
    DIVASS       shift, and go to state 8
    MULASS       shift, and go to state 9
    EQ           shift, and go to state 10
    LESSEQ       shift, and go to state 11
    GRTEQ        shift, and go to state 12
    NOTEQ        shift, and go to state 13
    AND          shift, and go to state 14
    OR           shift, and go to state 15
    NOT          shift, and go to state 16
    IF           shift, and go to state 17
    THEN         shift, and go to state 18
    ELSIF        shift, and go to state 19
    ELSE         shift, and go to state 20
    WHILE        shift, and go to state 21
    DO           shift, and go to state 22
    BREAK        shift, and go to state 23
    LOOP         shift, and go to state 24
    RANGE        shift, and go to state 25
    FOREVER      shift, and go to state 26
    STATIC       shift, and go to state 27
    RETURN       shift, and go to state 28
    CHAR         shift, and go to state 29
    DEC          shift, and go to state 30
    INC          shift, and go to state 31
    CHARCONST    shift, and go to state 32
    STRINGCONST  shift, and go to state 33
    UNDEFINED    shift, and go to state 34
    ';'          shift, and go to state 35
    ','          shift, and go to state 36
    '['          shift, and go to state 37
    ']'          shift, and go to state 38
    '('          shift, and go to state 39
    ')'          shift, and go to state 40
    '{'          shift, and go to state 41
    '}'          shift, and go to state 42
    '='          shift, and go to state 43
    '<'          shift, and go to state 44
    '>'          shift, and go to state 45
    '+'          shift, and go to state 46
    '-'          shift, and go to state 47
    '*'          shift, and go to state 48
    '/'          shift, and go to state 49
    '%'          shift, and go to state 50
    '?'          shift, and go to state 51
    ':'          shift, and go to state 52

    statementlist  go to state 53
    statement      go to state 54


State 1

    3 statement: INT .

    $default  reduce using rule 3 (statement)


State 2

    4 statement: ID .

    $default  reduce using rule 4 (statement)


State 3

    5 statement: BOOL .

    $default  reduce using rule 5 (statement)


State 4

    6 statement: BOOLCONST .

    $default  reduce using rule 6 (statement)


State 5

    7 statement: NUMCONST .

    $default  reduce using rule 7 (statement)


State 6

    8 statement: ADDASS .

    $default  reduce using rule 8 (statement)


State 7

    9 statement: SUBASS .

    $default  reduce using rule 9 (statement)


State 8

   10 statement: DIVASS .

    $default  reduce using rule 10 (statement)


State 9

   11 statement: MULASS .

    $default  reduce using rule 11 (statement)


State 10

   12 statement: EQ .

    $default  reduce using rule 12 (statement)


State 11

   13 statement: LESSEQ .

    $default  reduce using rule 13 (statement)


State 12

   14 statement: GRTEQ .

    $default  reduce using rule 14 (statement)


State 13

   15 statement: NOTEQ .

    $default  reduce using rule 15 (statement)


State 14

   16 statement: AND .

    $default  reduce using rule 16 (statement)


State 15

   17 statement: OR .

    $default  reduce using rule 17 (statement)


State 16

   18 statement: NOT .

    $default  reduce using rule 18 (statement)


State 17

   19 statement: IF .

    $default  reduce using rule 19 (statement)


State 18

   20 statement: THEN .

    $default  reduce using rule 20 (statement)


State 19

   21 statement: ELSIF .

    $default  reduce using rule 21 (statement)


State 20

   22 statement: ELSE .

    $default  reduce using rule 22 (statement)


State 21

   23 statement: WHILE .

    $default  reduce using rule 23 (statement)


State 22

   24 statement: DO .

    $default  reduce using rule 24 (statement)


State 23

   25 statement: BREAK .

    $default  reduce using rule 25 (statement)


State 24

   26 statement: LOOP .

    $default  reduce using rule 26 (statement)


State 25

   27 statement: RANGE .

    $default  reduce using rule 27 (statement)


State 26

   28 statement: FOREVER .

    $default  reduce using rule 28 (statement)


State 27

   29 statement: STATIC .

    $default  reduce using rule 29 (statement)


State 28

   30 statement: RETURN .

    $default  reduce using rule 30 (statement)


State 29

   31 statement: CHAR .

    $default  reduce using rule 31 (statement)


State 30

   32 statement: DEC .

    $default  reduce using rule 32 (statement)


State 31

   33 statement: INC .

    $default  reduce using rule 33 (statement)


State 32

   34 statement: CHARCONST .

    $default  reduce using rule 34 (statement)


State 33

   35 statement: STRINGCONST .

    $default  reduce using rule 35 (statement)


State 34

   36 statement: UNDEFINED .

    $default  reduce using rule 36 (statement)


State 35

   37 statement: ';' .

    $default  reduce using rule 37 (statement)


State 36

   38 statement: ',' .

    $default  reduce using rule 38 (statement)


State 37

   39 statement: '[' .

    $default  reduce using rule 39 (statement)


State 38

   40 statement: ']' .

    $default  reduce using rule 40 (statement)


State 39

   41 statement: '(' .

    $default  reduce using rule 41 (statement)


State 40

   42 statement: ')' .

    $default  reduce using rule 42 (statement)


State 41

   43 statement: '{' .

    $default  reduce using rule 43 (statement)


State 42

   44 statement: '}' .

    $default  reduce using rule 44 (statement)


State 43

   45 statement: '=' .

    $default  reduce using rule 45 (statement)


State 44

   46 statement: '<' .

    $default  reduce using rule 46 (statement)


State 45

   47 statement: '>' .

    $default  reduce using rule 47 (statement)


State 46

   48 statement: '+' .

    $default  reduce using rule 48 (statement)


State 47

   49 statement: '-' .

    $default  reduce using rule 49 (statement)


State 48

   50 statement: '*' .

    $default  reduce using rule 50 (statement)


State 49

   51 statement: '/' .

    $default  reduce using rule 51 (statement)


State 50

   52 statement: '%' .

    $default  reduce using rule 52 (statement)


State 51

   53 statement: '?' .

    $default  reduce using rule 53 (statement)


State 52

   54 statement: ':' .

    $default  reduce using rule 54 (statement)


State 53

    0 $accept: statementlist . $end

    $end  shift, and go to state 55


State 54

    1 statementlist: statement .
    2              | statement . statementlist

    INT          shift, and go to state 1
    ID           shift, and go to state 2
    BOOL         shift, and go to state 3
    BOOLCONST    shift, and go to state 4
    NUMCONST     shift, and go to state 5
    ADDASS       shift, and go to state 6
    SUBASS       shift, and go to state 7
    DIVASS       shift, and go to state 8
    MULASS       shift, and go to state 9
    EQ           shift, and go to state 10
    LESSEQ       shift, and go to state 11
    GRTEQ        shift, and go to state 12
    NOTEQ        shift, and go to state 13
    AND          shift, and go to state 14
    OR           shift, and go to state 15
    NOT          shift, and go to state 16
    IF           shift, and go to state 17
    THEN         shift, and go to state 18
    ELSIF        shift, and go to state 19
    ELSE         shift, and go to state 20
    WHILE        shift, and go to state 21
    DO           shift, and go to state 22
    BREAK        shift, and go to state 23
    LOOP         shift, and go to state 24
    RANGE        shift, and go to state 25
    FOREVER      shift, and go to state 26
    STATIC       shift, and go to state 27
    RETURN       shift, and go to state 28
    CHAR         shift, and go to state 29
    DEC          shift, and go to state 30
    INC          shift, and go to state 31
    CHARCONST    shift, and go to state 32
    STRINGCONST  shift, and go to state 33
    UNDEFINED    shift, and go to state 34
    ';'          shift, and go to state 35
    ','          shift, and go to state 36
    '['          shift, and go to state 37
    ']'          shift, and go to state 38
    '('          shift, and go to state 39
    ')'          shift, and go to state 40
    '{'          shift, and go to state 41
    '}'          shift, and go to state 42
    '='          shift, and go to state 43
    '<'          shift, and go to state 44
    '>'          shift, and go to state 45
    '+'          shift, and go to state 46
    '-'          shift, and go to state 47
    '*'          shift, and go to state 48
    '/'          shift, and go to state 49
    '%'          shift, and go to state 50
    '?'          shift, and go to state 51
    ':'          shift, and go to state 52

    $default  reduce using rule 1 (statementlist)

    statementlist  go to state 56
    statement      go to state 54


State 55

    0 $accept: statementlist $end .

    $default  accept


State 56

    2 statementlist: statement statementlist .

    $default  reduce using rule 2 (statementlist)
